2020-08-02 15:54:32,537 [restartedMain] INFO  c.e.c.ClientsideApplication - Starting ClientsideApplication on DESKTOP-TRTHTKE with PID 4920 (E:\LUCAS\Interior-world\clientside\target\classes started by Mr.Trung in E:\LUCAS\Interior-world\clientside)
2020-08-02 15:54:32,634 [restartedMain] INFO  c.e.c.ClientsideApplication - No active profile set, falling back to default profiles: default
2020-08-02 15:54:33,315 [restartedMain] INFO  o.s.b.d.e.DevToolsPropertyDefaultsPostProcessor - Devtools property defaults active! Set 'spring.devtools.add-properties' to 'false' to disable
2020-08-02 15:54:33,316 [restartedMain] INFO  o.s.b.d.e.DevToolsPropertyDefaultsPostProcessor - For additional web related logging consider setting the 'logging.level.web' property to 'DEBUG'
2020-08-02 15:54:49,972 [restartedMain] INFO  o.s.b.w.e.t.TomcatWebServer - Tomcat initialized with port(s): 8080 (http)
2020-08-02 15:54:50,230 [restartedMain] INFO  o.a.c.http11.Http11NioProtocol - Initializing ProtocolHandler ["http-nio-8080"]
2020-08-02 15:54:50,233 [restartedMain] INFO  o.a.c.core.StandardService - Starting service [Tomcat]
2020-08-02 15:54:50,234 [restartedMain] INFO  o.a.c.core.StandardEngine - Starting Servlet engine: [Apache Tomcat/9.0.36]
2020-08-02 15:54:51,835 [restartedMain] INFO  o.a.c.c.C.[.[localhost].[/] - Initializing Spring embedded WebApplicationContext
2020-08-02 15:54:51,835 [restartedMain] INFO  o.s.b.w.s.c.ServletWebServerApplicationContext - Root WebApplicationContext: initialization completed in 18513 ms
2020-08-02 15:54:53,506 [restartedMain] INFO  o.s.s.c.ThreadPoolTaskExecutor - Initializing ExecutorService 'applicationTaskExecutor'
2020-08-02 15:54:54,665 [restartedMain] INFO  o.s.b.a.w.s.WelcomePageHandlerMapping - Adding welcome page template: index
2020-08-02 15:55:01,803 [restartedMain] INFO  o.s.b.d.a.OptionalLiveReloadServer - LiveReload server is running on port 35729
2020-08-02 15:55:01,985 [restartedMain] INFO  o.a.c.http11.Http11NioProtocol - Starting ProtocolHandler ["http-nio-8080"]
2020-08-02 15:55:02,146 [restartedMain] INFO  o.s.b.w.e.t.TomcatWebServer - Tomcat started on port(s): 8080 (http) with context path ''
2020-08-02 15:55:02,211 [restartedMain] INFO  c.e.c.ClientsideApplication - Started ClientsideApplication in 47.733 seconds (JVM running for 64.175)
2020-08-02 15:59:17,499 [http-nio-8080-exec-1] INFO  o.a.c.c.C.[.[localhost].[/] - Initializing Spring DispatcherServlet 'dispatcherServlet'
2020-08-02 15:59:17,502 [http-nio-8080-exec-1] INFO  o.s.w.s.DispatcherServlet - Initializing Servlet 'dispatcherServlet'
2020-08-02 15:59:17,525 [http-nio-8080-exec-1] INFO  o.s.w.s.DispatcherServlet - Completed initialization in 22 ms
2020-08-02 16:00:27,800 [http-nio-8080-exec-4] WARN  o.s.w.s.m.s.DefaultHandlerExceptionResolver - Resolved [org.springframework.web.bind.MissingServletRequestParameterException: Required String parameter 'id' is not present]
2020-08-02 16:00:45,584 [http-nio-8080-exec-9] WARN  o.s.w.s.m.s.DefaultHandlerExceptionResolver - Resolved [org.springframework.web.bind.MissingServletRequestParameterException: Required String parameter 'id' is not present]
2020-08-02 19:21:03,171 [restartedMain] INFO  c.e.c.ClientsideApplication - Starting ClientsideApplication on DESKTOP-TRTHTKE with PID 1388 (E:\LUCAS\Interior-world\clientside\target\classes started by Mr.Trung in E:\LUCAS\Interior-world\clientside)
2020-08-02 19:21:03,176 [restartedMain] INFO  c.e.c.ClientsideApplication - No active profile set, falling back to default profiles: default
2020-08-02 19:21:03,418 [restartedMain] INFO  o.s.b.d.e.DevToolsPropertyDefaultsPostProcessor - Devtools property defaults active! Set 'spring.devtools.add-properties' to 'false' to disable
2020-08-02 19:21:03,419 [restartedMain] INFO  o.s.b.d.e.DevToolsPropertyDefaultsPostProcessor - For additional web related logging consider setting the 'logging.level.web' property to 'DEBUG'
2020-08-02 19:21:10,220 [restartedMain] INFO  o.s.b.w.e.t.TomcatWebServer - Tomcat initialized with port(s): 8080 (http)
2020-08-02 19:21:10,312 [restartedMain] INFO  o.a.c.http11.Http11NioProtocol - Initializing ProtocolHandler ["http-nio-8080"]
2020-08-02 19:21:10,315 [restartedMain] INFO  o.a.c.core.StandardService - Starting service [Tomcat]
2020-08-02 19:21:10,317 [restartedMain] INFO  o.a.c.core.StandardEngine - Starting Servlet engine: [Apache Tomcat/9.0.36]
2020-08-02 19:21:11,835 [restartedMain] INFO  o.a.c.c.C.[.[localhost].[/] - Initializing Spring embedded WebApplicationContext
2020-08-02 19:21:11,837 [restartedMain] INFO  o.s.b.w.s.c.ServletWebServerApplicationContext - Root WebApplicationContext: initialization completed in 8418 ms
2020-08-02 19:21:13,167 [restartedMain] INFO  o.s.s.c.ThreadPoolTaskExecutor - Initializing ExecutorService 'applicationTaskExecutor'
2020-08-02 19:21:13,615 [restartedMain] INFO  o.s.b.a.w.s.WelcomePageHandlerMapping - Adding welcome page template: index
2020-08-02 19:21:14,935 [restartedMain] INFO  o.s.b.d.a.OptionalLiveReloadServer - LiveReload server is running on port 35729
2020-08-02 19:21:15,025 [restartedMain] INFO  o.a.c.http11.Http11NioProtocol - Starting ProtocolHandler ["http-nio-8080"]
2020-08-02 19:21:15,148 [restartedMain] INFO  o.s.b.w.e.t.TomcatWebServer - Tomcat started on port(s): 8080 (http) with context path ''
2020-08-02 19:21:15,200 [restartedMain] INFO  c.e.c.ClientsideApplication - Started ClientsideApplication in 15.747 seconds (JVM running for 22.768)
2020-08-02 19:28:43,526 [http-nio-8080-exec-1] INFO  o.a.c.c.C.[.[localhost].[/] - Initializing Spring DispatcherServlet 'dispatcherServlet'
2020-08-02 19:28:43,529 [http-nio-8080-exec-1] INFO  o.s.w.s.DispatcherServlet - Initializing Servlet 'dispatcherServlet'
2020-08-02 19:28:43,566 [http-nio-8080-exec-1] INFO  o.s.w.s.DispatcherServlet - Completed initialization in 37 ms
